{"/Users/kseniaselezneva/Hexlet/frontend-project-lvl2/src/diff.js": {"path":"/Users/kseniaselezneva/Hexlet/frontend-project-lvl2/src/diff.js","all":false,"statementMap":{"0":{"start":{"line":1,"column":0},"end":{"line":1,"column":20}},"1":{"start":{"line":2,"column":0},"end":{"line":2,"column":24}},"2":{"start":{"line":3,"column":0},"end":{"line":3,"column":23}},"3":{"start":{"line":4,"column":0},"end":{"line":4,"column":32}},"4":{"start":{"line":5,"column":0},"end":{"line":5,"column":0}},"5":{"start":{"line":6,"column":0},"end":{"line":6,"column":16}},"6":{"start":{"line":7,"column":0},"end":{"line":7,"column":0}},"7":{"start":{"line":8,"column":0},"end":{"line":8,"column":71}},"8":{"start":{"line":9,"column":0},"end":{"line":9,"column":0}},"9":{"start":{"line":10,"column":0},"end":{"line":10,"column":41}},"10":{"start":{"line":11,"column":0},"end":{"line":11,"column":28}},"11":{"start":{"line":12,"column":0},"end":{"line":12,"column":31}},"12":{"start":{"line":13,"column":0},"end":{"line":13,"column":3}},"13":{"start":{"line":14,"column":0},"end":{"line":14,"column":47}},"14":{"start":{"line":15,"column":0},"end":{"line":15,"column":30}},"15":{"start":{"line":16,"column":0},"end":{"line":16,"column":3}},"16":{"start":{"line":17,"column":0},"end":{"line":17,"column":109}},"17":{"start":{"line":18,"column":0},"end":{"line":18,"column":2}},"18":{"start":{"line":19,"column":0},"end":{"line":19,"column":0}},"19":{"start":{"line":20,"column":0},"end":{"line":20,"column":92}},"20":{"start":{"line":21,"column":0},"end":{"line":21,"column":0}},"21":{"start":{"line":22,"column":0},"end":{"line":22,"column":14}},"22":{"start":{"line":23,"column":0},"end":{"line":23,"column":16}},"23":{"start":{"line":24,"column":0},"end":{"line":24,"column":14}},"24":{"start":{"line":25,"column":0},"end":{"line":25,"column":14}},"25":{"start":{"line":26,"column":0},"end":{"line":26,"column":14}},"26":{"start":{"line":27,"column":0},"end":{"line":27,"column":13}},"27":{"start":{"line":28,"column":0},"end":{"line":28,"column":2}},"28":{"start":{"line":29,"column":0},"end":{"line":29,"column":0}},"29":{"start":{"line":30,"column":0},"end":{"line":30,"column":89}},"30":{"start":{"line":31,"column":0},"end":{"line":31,"column":51}},"31":{"start":{"line":32,"column":0},"end":{"line":32,"column":40}},"32":{"start":{"line":33,"column":0},"end":{"line":33,"column":14}},"33":{"start":{"line":34,"column":0},"end":{"line":34,"column":22}},"34":{"start":{"line":35,"column":0},"end":{"line":35,"column":12}},"35":{"start":{"line":36,"column":0},"end":{"line":36,"column":28}},"36":{"start":{"line":37,"column":0},"end":{"line":37,"column":14}},"37":{"start":{"line":38,"column":0},"end":{"line":38,"column":8}},"38":{"start":{"line":39,"column":0},"end":{"line":39,"column":5}},"39":{"start":{"line":40,"column":0},"end":{"line":40,"column":63}},"40":{"start":{"line":41,"column":0},"end":{"line":41,"column":14}},"41":{"start":{"line":42,"column":0},"end":{"line":42,"column":23}},"42":{"start":{"line":43,"column":0},"end":{"line":43,"column":12}},"43":{"start":{"line":44,"column":0},"end":{"line":44,"column":14}},"44":{"start":{"line":45,"column":0},"end":{"line":45,"column":30}},"45":{"start":{"line":46,"column":0},"end":{"line":46,"column":52}},"46":{"start":{"line":47,"column":0},"end":{"line":47,"column":23}},"47":{"start":{"line":48,"column":0},"end":{"line":48,"column":23}},"48":{"start":{"line":49,"column":0},"end":{"line":49,"column":20}},"49":{"start":{"line":50,"column":0},"end":{"line":50,"column":10}},"50":{"start":{"line":51,"column":0},"end":{"line":51,"column":8}},"51":{"start":{"line":52,"column":0},"end":{"line":52,"column":5}},"52":{"start":{"line":53,"column":0},"end":{"line":53,"column":12}},"53":{"start":{"line":54,"column":0},"end":{"line":54,"column":7}},"54":{"start":{"line":55,"column":0},"end":{"line":55,"column":24}},"55":{"start":{"line":56,"column":0},"end":{"line":56,"column":12}},"56":{"start":{"line":57,"column":0},"end":{"line":57,"column":28}},"57":{"start":{"line":58,"column":0},"end":{"line":58,"column":14}},"58":{"start":{"line":59,"column":0},"end":{"line":59,"column":8}},"59":{"start":{"line":60,"column":0},"end":{"line":60,"column":7}},"60":{"start":{"line":61,"column":0},"end":{"line":61,"column":22}},"61":{"start":{"line":62,"column":0},"end":{"line":62,"column":12}},"62":{"start":{"line":63,"column":0},"end":{"line":63,"column":28}},"63":{"start":{"line":64,"column":0},"end":{"line":64,"column":14}},"64":{"start":{"line":65,"column":0},"end":{"line":65,"column":8}},"65":{"start":{"line":66,"column":0},"end":{"line":66,"column":6}},"66":{"start":{"line":67,"column":0},"end":{"line":67,"column":3}},"67":{"start":{"line":68,"column":0},"end":{"line":68,"column":52}},"68":{"start":{"line":69,"column":0},"end":{"line":69,"column":12}},"69":{"start":{"line":70,"column":0},"end":{"line":70,"column":22}},"70":{"start":{"line":71,"column":0},"end":{"line":71,"column":10}},"71":{"start":{"line":72,"column":0},"end":{"line":72,"column":26}},"72":{"start":{"line":73,"column":0},"end":{"line":73,"column":12}},"73":{"start":{"line":74,"column":0},"end":{"line":74,"column":6}},"74":{"start":{"line":75,"column":0},"end":{"line":75,"column":3}},"75":{"start":{"line":76,"column":0},"end":{"line":76,"column":10}},"76":{"start":{"line":77,"column":0},"end":{"line":77,"column":18}},"77":{"start":{"line":78,"column":0},"end":{"line":78,"column":8}},"78":{"start":{"line":79,"column":0},"end":{"line":79,"column":24}},"79":{"start":{"line":80,"column":0},"end":{"line":80,"column":10}},"80":{"start":{"line":81,"column":0},"end":{"line":81,"column":4}},"81":{"start":{"line":82,"column":0},"end":{"line":82,"column":3}},"82":{"start":{"line":83,"column":0},"end":{"line":83,"column":0}},"83":{"start":{"line":84,"column":0},"end":{"line":84,"column":85}},"84":{"start":{"line":85,"column":0},"end":{"line":85,"column":0}},"85":{"start":{"line":86,"column":0},"end":{"line":86,"column":39}},"86":{"start":{"line":87,"column":0},"end":{"line":87,"column":25}},"87":{"start":{"line":88,"column":0},"end":{"line":88,"column":59}},"88":{"start":{"line":89,"column":0},"end":{"line":89,"column":3}},"89":{"start":{"line":90,"column":0},"end":{"line":90,"column":26}},"90":{"start":{"line":91,"column":0},"end":{"line":91,"column":42}},"91":{"start":{"line":92,"column":0},"end":{"line":92,"column":34}},"92":{"start":{"line":93,"column":0},"end":{"line":93,"column":48}},"93":{"start":{"line":94,"column":0},"end":{"line":94,"column":28}},"94":{"start":{"line":95,"column":0},"end":{"line":95,"column":84}},"95":{"start":{"line":96,"column":0},"end":{"line":96,"column":7}},"96":{"start":{"line":97,"column":0},"end":{"line":97,"column":58}},"97":{"start":{"line":98,"column":0},"end":{"line":98,"column":7}},"98":{"start":{"line":99,"column":0},"end":{"line":99,"column":0}},"99":{"start":{"line":100,"column":0},"end":{"line":100,"column":62}},"100":{"start":{"line":101,"column":0},"end":{"line":101,"column":3}},"101":{"start":{"line":102,"column":0},"end":{"line":102,"column":15}},"102":{"start":{"line":103,"column":0},"end":{"line":103,"column":2}},"103":{"start":{"line":104,"column":0},"end":{"line":104,"column":0}},"104":{"start":{"line":105,"column":0},"end":{"line":105,"column":33}},"105":{"start":{"line":106,"column":0},"end":{"line":106,"column":58}},"106":{"start":{"line":107,"column":0},"end":{"line":107,"column":33}},"107":{"start":{"line":108,"column":0},"end":{"line":108,"column":71}},"108":{"start":{"line":109,"column":0},"end":{"line":109,"column":37}},"109":{"start":{"line":110,"column":0},"end":{"line":110,"column":40}},"110":{"start":{"line":111,"column":0},"end":{"line":111,"column":5}},"111":{"start":{"line":112,"column":0},"end":{"line":112,"column":76}},"112":{"start":{"line":113,"column":0},"end":{"line":113,"column":14}},"113":{"start":{"line":114,"column":0},"end":{"line":114,"column":47}},"114":{"start":{"line":115,"column":0},"end":{"line":115,"column":5}},"115":{"start":{"line":116,"column":0},"end":{"line":116,"column":0}},"116":{"start":{"line":117,"column":0},"end":{"line":117,"column":50}},"117":{"start":{"line":118,"column":0},"end":{"line":118,"column":2}},"118":{"start":{"line":119,"column":0},"end":{"line":119,"column":0}},"119":{"start":{"line":120,"column":0},"end":{"line":120,"column":44}},"120":{"start":{"line":121,"column":0},"end":{"line":121,"column":42}},"121":{"start":{"line":122,"column":0},"end":{"line":122,"column":64}},"122":{"start":{"line":123,"column":0},"end":{"line":123,"column":0}},"123":{"start":{"line":124,"column":0},"end":{"line":124,"column":65}},"124":{"start":{"line":125,"column":0},"end":{"line":125,"column":0}},"125":{"start":{"line":126,"column":0},"end":{"line":126,"column":54}},"126":{"start":{"line":127,"column":0},"end":{"line":127,"column":0}},"127":{"start":{"line":128,"column":0},"end":{"line":128,"column":57}},"128":{"start":{"line":129,"column":0},"end":{"line":129,"column":0}},"129":{"start":{"line":130,"column":0},"end":{"line":130,"column":29}},"130":{"start":{"line":131,"column":0},"end":{"line":131,"column":2}},"131":{"start":{"line":132,"column":0},"end":{"line":132,"column":0}},"132":{"start":{"line":133,"column":0},"end":{"line":133,"column":23}}},"s":{"0":1,"1":1,"2":1,"3":8,"4":8,"5":1,"6":1,"7":1,"8":4,"9":4,"10":4,"11":8,"12":0,"13":0,"14":0,"15":0,"16":1,"17":12,"18":12,"19":1,"20":1,"21":1,"22":1,"23":1,"24":12,"25":12,"26":12,"27":46,"28":46,"29":46,"30":26,"31":8,"32":8,"33":26,"34":18,"35":26,"36":26,"37":8,"38":8,"39":8,"40":8,"41":8,"42":8,"43":8,"44":8,"45":8,"46":26,"47":10,"48":10,"49":10,"50":10,"51":10,"52":10,"53":10,"54":10,"55":10,"56":10,"57":10,"58":10,"59":10,"60":46,"61":20,"62":46,"63":8,"64":8,"65":8,"66":8,"67":8,"68":46,"69":12,"70":12,"71":12,"72":12,"73":1,"74":1,"75":1,"76":1,"77":96,"78":96,"79":96,"80":96,"81":1,"82":1,"83":1,"84":36,"85":8,"86":90,"87":14,"88":14,"89":14,"90":14,"91":18,"92":6,"93":6,"94":14,"95":14,"96":98,"97":1,"98":1,"99":1,"100":12,"101":12,"102":56,"103":56,"104":56,"105":56,"106":8,"107":56,"108":48,"109":48,"110":48,"111":4,"112":4,"113":1,"114":4,"115":4,"116":4,"117":4,"118":4,"119":4,"120":4,"121":4,"122":4,"123":4,"124":4,"125":4,"126":4,"127":1,"128":1,"129":1,"130":1,"131":1,"132":1},"branchMap":{"0":{"type":"branch","line":1,"loc":{"start":{"line":1,"column":0},"end":{"line":128,"column":28}},"locations":[{"start":{"line":1,"column":0},"end":{"line":128,"column":28}}]},"1":{"type":"branch","line":3,"loc":{"start":{"line":3,"column":10},"end":{"line":5,"column":0}},"locations":[{"start":{"line":3,"column":10},"end":{"line":5,"column":0}}]},"2":{"type":"branch","line":8,"loc":{"start":{"line":8,"column":2},"end":{"line":17,"column":22}},"locations":[{"start":{"line":8,"column":2},"end":{"line":17,"column":22}}]},"3":{"type":"branch","line":8,"loc":{"start":{"line":8,"column":53},"end":{"line":12,"column":29}},"locations":[{"start":{"line":8,"column":53},"end":{"line":12,"column":29}}]},"4":{"type":"branch","line":12,"loc":{"start":{"line":12,"column":29},"end":{"line":17,"column":21}},"locations":[{"start":{"line":12,"column":29},"end":{"line":17,"column":21}}]},"5":{"type":"branch","line":17,"loc":{"start":{"line":17,"column":54},"end":{"line":20,"column":2}},"locations":[{"start":{"line":17,"column":54},"end":{"line":20,"column":2}}]},"6":{"type":"branch","line":24,"loc":{"start":{"line":24,"column":1},"end":{"line":74,"column":4}},"locations":[{"start":{"line":24,"column":1},"end":{"line":74,"column":4}}]},"7":{"type":"branch","line":27,"loc":{"start":{"line":27,"column":8},"end":{"line":74,"column":3}},"locations":[{"start":{"line":27,"column":8},"end":{"line":74,"column":3}}]},"8":{"type":"branch","line":30,"loc":{"start":{"line":30,"column":27},"end":{"line":30,"column":49}},"locations":[{"start":{"line":30,"column":27},"end":{"line":30,"column":49}}]},"9":{"type":"branch","line":30,"loc":{"start":{"line":30,"column":51},"end":{"line":61,"column":10}},"locations":[{"start":{"line":30,"column":51},"end":{"line":61,"column":10}}]},"10":{"type":"branch","line":31,"loc":{"start":{"line":31,"column":2},"end":{"line":34,"column":5}},"locations":[{"start":{"line":31,"column":2},"end":{"line":34,"column":5}}]},"11":{"type":"branch","line":34,"loc":{"start":{"line":34,"column":5},"end":{"line":36,"column":3}},"locations":[{"start":{"line":34,"column":5},"end":{"line":36,"column":3}}]},"12":{"type":"branch","line":36,"loc":{"start":{"line":36,"column":3},"end":{"line":37,"column":1}},"locations":[{"start":{"line":36,"column":3},"end":{"line":37,"column":1}}]},"13":{"type":"branch","line":37,"loc":{"start":{"line":37,"column":3},"end":{"line":47,"column":5}},"locations":[{"start":{"line":37,"column":3},"end":{"line":47,"column":5}}]},"14":{"type":"branch","line":47,"loc":{"start":{"line":47,"column":5},"end":{"line":61,"column":10}},"locations":[{"start":{"line":47,"column":5},"end":{"line":61,"column":10}}]},"15":{"type":"branch","line":61,"loc":{"start":{"line":61,"column":10},"end":{"line":63,"column":1}},"locations":[{"start":{"line":61,"column":10},"end":{"line":63,"column":1}}]},"16":{"type":"branch","line":63,"loc":{"start":{"line":63,"column":1},"end":{"line":63,"column":24}},"locations":[{"start":{"line":63,"column":1},"end":{"line":63,"column":24}}]},"17":{"type":"branch","line":63,"loc":{"start":{"line":63,"column":26},"end":{"line":69,"column":8}},"locations":[{"start":{"line":63,"column":26},"end":{"line":69,"column":8}}]},"18":{"type":"branch","line":69,"loc":{"start":{"line":69,"column":8},"end":{"line":74,"column":2}},"locations":[{"start":{"line":69,"column":8},"end":{"line":74,"column":2}}]},"19":{"type":"branch","line":77,"loc":{"start":{"line":77,"column":6},"end":{"line":82,"column":0}},"locations":[{"start":{"line":77,"column":6},"end":{"line":82,"column":0}}]},"20":{"type":"branch","line":84,"loc":{"start":{"line":84,"column":18},"end":{"line":98,"column":4}},"locations":[{"start":{"line":84,"column":18},"end":{"line":98,"column":4}}]},"21":{"type":"branch","line":84,"loc":{"start":{"line":84,"column":62},"end":{"line":87,"column":0}},"locations":[{"start":{"line":84,"column":62},"end":{"line":87,"column":0}}]},"22":{"type":"branch","line":87,"loc":{"start":{"line":87,"column":0},"end":{"line":88,"column":0}},"locations":[{"start":{"line":87,"column":0},"end":{"line":88,"column":0}}]},"23":{"type":"branch","line":88,"loc":{"start":{"line":88,"column":0},"end":{"line":97,"column":45}},"locations":[{"start":{"line":88,"column":0},"end":{"line":97,"column":45}}]},"24":{"type":"branch","line":97,"loc":{"start":{"line":97,"column":45},"end":{"line":98,"column":3}},"locations":[{"start":{"line":97,"column":45},"end":{"line":98,"column":3}}]},"25":{"type":"branch","line":85,"loc":{"start":{"line":85,"column":-1},"end":{"line":86,"column":23}},"locations":[{"start":{"line":85,"column":-1},"end":{"line":86,"column":23}}]},"26":{"type":"branch","line":91,"loc":{"start":{"line":91,"column":20},"end":{"line":95,"column":68}},"locations":[{"start":{"line":91,"column":20},"end":{"line":95,"column":68}}]},"27":{"type":"branch","line":92,"loc":{"start":{"line":92,"column":22},"end":{"line":95,"column":3}},"locations":[{"start":{"line":92,"column":22},"end":{"line":95,"column":3}}]},"28":{"type":"branch","line":95,"loc":{"start":{"line":95,"column":3},"end":{"line":95,"column":67}},"locations":[{"start":{"line":95,"column":3},"end":{"line":95,"column":67}}]},"29":{"type":"branch","line":100,"loc":{"start":{"line":100,"column":21},"end":{"line":114,"column":18}},"locations":[{"start":{"line":100,"column":21},"end":{"line":114,"column":18}}]},"30":{"type":"branch","line":100,"loc":{"start":{"line":100,"column":56},"end":{"line":112,"column":55}},"locations":[{"start":{"line":100,"column":56},"end":{"line":112,"column":55}}]},"31":{"type":"branch","line":102,"loc":{"start":{"line":102,"column":12},"end":{"line":112,"column":54}},"locations":[{"start":{"line":102,"column":12},"end":{"line":112,"column":54}}]},"32":{"type":"branch","line":106,"loc":{"start":{"line":106,"column":2},"end":{"line":108,"column":67}},"locations":[{"start":{"line":106,"column":2},"end":{"line":108,"column":67}}]},"33":{"type":"branch","line":108,"loc":{"start":{"line":108,"column":67},"end":{"line":112,"column":53}},"locations":[{"start":{"line":108,"column":67},"end":{"line":112,"column":53}}]},"34":{"type":"branch","line":114,"loc":{"start":{"line":114,"column":37},"end":{"line":128,"column":1}},"locations":[{"start":{"line":114,"column":37},"end":{"line":128,"column":1}}]}},"b":{"0":[1],"1":[8],"2":[8],"3":[4],"4":[0],"5":[12],"6":[12],"7":[46],"8":[34],"9":[26],"10":[8],"11":[18],"12":[10],"13":[8],"14":[10],"15":[20],"16":[8],"17":[8],"18":[12],"19":[96],"20":[98],"21":[8],"22":[90],"23":[14],"24":[76],"25":[36],"26":[18],"27":[6],"28":[12],"29":[4],"30":[12],"31":[56],"32":[8],"33":[48],"34":[4]},"fnMap":{"0":{"name":"getFileContent","decl":{"start":{"line":3,"column":10},"end":{"line":5,"column":0}},"loc":{"start":{"line":3,"column":10},"end":{"line":5,"column":0}},"line":3},"1":{"name":"getObject","decl":{"start":{"line":8,"column":2},"end":{"line":17,"column":22}},"loc":{"start":{"line":8,"column":2},"end":{"line":17,"column":22}},"line":8},"2":{"name":"getSortedKeys","decl":{"start":{"line":17,"column":54},"end":{"line":20,"column":2}},"loc":{"start":{"line":17,"column":54},"end":{"line":20,"column":2}},"line":17},"3":{"name":"generateAst","decl":{"start":{"line":24,"column":1},"end":{"line":74,"column":4}},"loc":{"start":{"line":24,"column":1},"end":{"line":74,"column":4}},"line":24},"4":{"name":"spaceCounter","decl":{"start":{"line":77,"column":6},"end":{"line":82,"column":0}},"loc":{"start":{"line":77,"column":6},"end":{"line":82,"column":0}},"line":77},"5":{"name":"renderValue","decl":{"start":{"line":84,"column":18},"end":{"line":98,"column":4}},"loc":{"start":{"line":84,"column":18},"end":{"line":98,"column":4}},"line":84},"6":{"name":"stylish","decl":{"start":{"line":100,"column":21},"end":{"line":114,"column":18}},"loc":{"start":{"line":100,"column":21},"end":{"line":114,"column":18}},"line":100},"7":{"name":"jsonFormatter","decl":{"start":{"line":100,"column":56},"end":{"line":112,"column":55}},"loc":{"start":{"line":100,"column":56},"end":{"line":112,"column":55}},"line":100},"8":{"name":"genDiff","decl":{"start":{"line":114,"column":37},"end":{"line":128,"column":1}},"loc":{"start":{"line":114,"column":37},"end":{"line":128,"column":1}},"line":114}},"f":{"0":8,"1":8,"2":12,"3":12,"4":96,"5":98,"6":4,"7":12,"8":4}}
}
