{"/Users/kseniaselezneva/Hexlet/frontend-project-lvl2/src/diff.js": {"path":"/Users/kseniaselezneva/Hexlet/frontend-project-lvl2/src/diff.js","all":false,"statementMap":{"0":{"start":{"line":1,"column":0},"end":{"line":1,"column":20}},"1":{"start":{"line":2,"column":0},"end":{"line":2,"column":24}},"2":{"start":{"line":3,"column":0},"end":{"line":3,"column":23}},"3":{"start":{"line":4,"column":0},"end":{"line":4,"column":32}},"4":{"start":{"line":5,"column":0},"end":{"line":5,"column":0}},"5":{"start":{"line":6,"column":0},"end":{"line":6,"column":71}},"6":{"start":{"line":7,"column":0},"end":{"line":7,"column":0}},"7":{"start":{"line":8,"column":0},"end":{"line":8,"column":41}},"8":{"start":{"line":9,"column":0},"end":{"line":9,"column":28}},"9":{"start":{"line":10,"column":0},"end":{"line":10,"column":31}},"10":{"start":{"line":11,"column":0},"end":{"line":11,"column":3}},"11":{"start":{"line":12,"column":0},"end":{"line":12,"column":47}},"12":{"start":{"line":13,"column":0},"end":{"line":13,"column":30}},"13":{"start":{"line":14,"column":0},"end":{"line":14,"column":3}},"14":{"start":{"line":15,"column":0},"end":{"line":15,"column":109}},"15":{"start":{"line":16,"column":0},"end":{"line":16,"column":2}},"16":{"start":{"line":17,"column":0},"end":{"line":17,"column":0}},"17":{"start":{"line":18,"column":0},"end":{"line":18,"column":92}},"18":{"start":{"line":19,"column":0},"end":{"line":19,"column":0}},"19":{"start":{"line":20,"column":0},"end":{"line":20,"column":85}},"20":{"start":{"line":21,"column":0},"end":{"line":21,"column":51}},"21":{"start":{"line":22,"column":0},"end":{"line":22,"column":40}},"22":{"start":{"line":23,"column":0},"end":{"line":23,"column":14}},"23":{"start":{"line":24,"column":0},"end":{"line":24,"column":22}},"24":{"start":{"line":25,"column":0},"end":{"line":25,"column":12}},"25":{"start":{"line":26,"column":0},"end":{"line":26,"column":28}},"26":{"start":{"line":27,"column":0},"end":{"line":27,"column":14}},"27":{"start":{"line":28,"column":0},"end":{"line":28,"column":8}},"28":{"start":{"line":29,"column":0},"end":{"line":29,"column":5}},"29":{"start":{"line":30,"column":0},"end":{"line":30,"column":63}},"30":{"start":{"line":31,"column":0},"end":{"line":31,"column":14}},"31":{"start":{"line":32,"column":0},"end":{"line":32,"column":23}},"32":{"start":{"line":33,"column":0},"end":{"line":33,"column":12}},"33":{"start":{"line":34,"column":0},"end":{"line":34,"column":14}},"34":{"start":{"line":35,"column":0},"end":{"line":35,"column":30}},"35":{"start":{"line":36,"column":0},"end":{"line":36,"column":52}},"36":{"start":{"line":37,"column":0},"end":{"line":37,"column":23}},"37":{"start":{"line":38,"column":0},"end":{"line":38,"column":23}},"38":{"start":{"line":39,"column":0},"end":{"line":39,"column":20}},"39":{"start":{"line":40,"column":0},"end":{"line":40,"column":10}},"40":{"start":{"line":41,"column":0},"end":{"line":41,"column":8}},"41":{"start":{"line":42,"column":0},"end":{"line":42,"column":5}},"42":{"start":{"line":43,"column":0},"end":{"line":43,"column":18}},"43":{"start":{"line":44,"column":0},"end":{"line":44,"column":7}},"44":{"start":{"line":45,"column":0},"end":{"line":45,"column":24}},"45":{"start":{"line":46,"column":0},"end":{"line":46,"column":12}},"46":{"start":{"line":47,"column":0},"end":{"line":47,"column":28}},"47":{"start":{"line":48,"column":0},"end":{"line":48,"column":14}},"48":{"start":{"line":49,"column":0},"end":{"line":49,"column":8}},"49":{"start":{"line":50,"column":0},"end":{"line":50,"column":7}},"50":{"start":{"line":51,"column":0},"end":{"line":51,"column":22}},"51":{"start":{"line":52,"column":0},"end":{"line":52,"column":12}},"52":{"start":{"line":53,"column":0},"end":{"line":53,"column":28}},"53":{"start":{"line":54,"column":0},"end":{"line":54,"column":14}},"54":{"start":{"line":55,"column":0},"end":{"line":55,"column":8}},"55":{"start":{"line":56,"column":0},"end":{"line":56,"column":9}},"56":{"start":{"line":57,"column":0},"end":{"line":57,"column":12}},"57":{"start":{"line":58,"column":0},"end":{"line":58,"column":22}},"58":{"start":{"line":59,"column":0},"end":{"line":59,"column":10}},"59":{"start":{"line":60,"column":0},"end":{"line":60,"column":29}},"60":{"start":{"line":61,"column":0},"end":{"line":61,"column":29}},"61":{"start":{"line":62,"column":0},"end":{"line":62,"column":12}},"62":{"start":{"line":63,"column":0},"end":{"line":63,"column":6}},"63":{"start":{"line":64,"column":0},"end":{"line":64,"column":3}},"64":{"start":{"line":65,"column":0},"end":{"line":65,"column":52}},"65":{"start":{"line":66,"column":0},"end":{"line":66,"column":12}},"66":{"start":{"line":67,"column":0},"end":{"line":67,"column":22}},"67":{"start":{"line":68,"column":0},"end":{"line":68,"column":10}},"68":{"start":{"line":69,"column":0},"end":{"line":69,"column":26}},"69":{"start":{"line":70,"column":0},"end":{"line":70,"column":12}},"70":{"start":{"line":71,"column":0},"end":{"line":71,"column":6}},"71":{"start":{"line":72,"column":0},"end":{"line":72,"column":3}},"72":{"start":{"line":73,"column":0},"end":{"line":73,"column":10}},"73":{"start":{"line":74,"column":0},"end":{"line":74,"column":18}},"74":{"start":{"line":75,"column":0},"end":{"line":75,"column":8}},"75":{"start":{"line":76,"column":0},"end":{"line":76,"column":24}},"76":{"start":{"line":77,"column":0},"end":{"line":77,"column":10}},"77":{"start":{"line":78,"column":0},"end":{"line":78,"column":4}},"78":{"start":{"line":79,"column":0},"end":{"line":79,"column":3}},"79":{"start":{"line":80,"column":0},"end":{"line":80,"column":0}},"80":{"start":{"line":81,"column":0},"end":{"line":81,"column":52}},"81":{"start":{"line":82,"column":0},"end":{"line":82,"column":42}},"82":{"start":{"line":83,"column":0},"end":{"line":83,"column":64}},"83":{"start":{"line":84,"column":0},"end":{"line":84,"column":0}},"84":{"start":{"line":85,"column":0},"end":{"line":85,"column":65}},"85":{"start":{"line":86,"column":0},"end":{"line":86,"column":0}},"86":{"start":{"line":87,"column":0},"end":{"line":87,"column":54}},"87":{"start":{"line":88,"column":0},"end":{"line":88,"column":0}},"88":{"start":{"line":89,"column":0},"end":{"line":89,"column":51}},"89":{"start":{"line":90,"column":0},"end":{"line":90,"column":0}},"90":{"start":{"line":91,"column":0},"end":{"line":91,"column":22}},"91":{"start":{"line":92,"column":0},"end":{"line":92,"column":2}},"92":{"start":{"line":93,"column":0},"end":{"line":93,"column":0}},"93":{"start":{"line":94,"column":0},"end":{"line":94,"column":23}}},"s":{"0":1,"1":1,"2":15,"3":1,"4":1,"5":1,"6":4,"7":15,"8":15,"9":15,"10":1,"11":1,"12":1,"13":1,"14":1,"15":23,"16":23,"17":1,"18":87,"19":87,"20":50,"21":15,"22":15,"23":50,"24":35,"25":50,"26":50,"27":16,"28":16,"29":16,"30":16,"31":16,"32":16,"33":16,"34":16,"35":16,"36":50,"37":19,"38":19,"39":19,"40":19,"41":19,"42":19,"43":19,"44":19,"45":19,"46":19,"47":19,"48":19,"49":19,"50":19,"51":19,"52":19,"53":19,"54":19,"55":19,"56":19,"57":19,"58":87,"59":87,"60":87,"61":14,"62":14,"63":14,"64":14,"65":87,"66":23,"67":23,"68":23,"69":23,"70":1,"71":1,"72":1,"73":1,"74":8,"75":8,"76":8,"77":8,"78":8,"79":8,"80":8,"81":8,"82":8,"83":8,"84":8,"85":8,"86":1,"87":1,"88":1,"89":1,"90":1,"91":1,"92":1,"93":1},"branchMap":{"0":{"type":"branch","line":1,"loc":{"start":{"line":1,"column":0},"end":{"line":89,"column":15}},"locations":[{"start":{"line":1,"column":0},"end":{"line":89,"column":15}}]},"1":{"type":"branch","line":2,"loc":{"start":{"line":2,"column":17},"end":{"line":4,"column":15}},"locations":[{"start":{"line":2,"column":17},"end":{"line":4,"column":15}}]},"2":{"type":"branch","line":6,"loc":{"start":{"line":6,"column":2},"end":{"line":15,"column":22}},"locations":[{"start":{"line":6,"column":2},"end":{"line":15,"column":22}}]},"3":{"type":"branch","line":6,"loc":{"start":{"line":6,"column":53},"end":{"line":8,"column":17}},"locations":[{"start":{"line":6,"column":53},"end":{"line":8,"column":17}}]},"4":{"type":"branch","line":8,"loc":{"start":{"line":8,"column":17},"end":{"line":9,"column":22}},"locations":[{"start":{"line":8,"column":17},"end":{"line":9,"column":22}}]},"5":{"type":"branch","line":9,"loc":{"start":{"line":9,"column":22},"end":{"line":10,"column":29}},"locations":[{"start":{"line":9,"column":22},"end":{"line":10,"column":29}}]},"6":{"type":"branch","line":10,"loc":{"start":{"line":10,"column":29},"end":{"line":15,"column":21}},"locations":[{"start":{"line":10,"column":29},"end":{"line":15,"column":21}}]},"7":{"type":"branch","line":15,"loc":{"start":{"line":15,"column":54},"end":{"line":18,"column":2}},"locations":[{"start":{"line":15,"column":54},"end":{"line":18,"column":2}}]},"8":{"type":"branch","line":18,"loc":{"start":{"line":18,"column":32},"end":{"line":71,"column":4}},"locations":[{"start":{"line":18,"column":32},"end":{"line":71,"column":4}}]},"9":{"type":"branch","line":18,"loc":{"start":{"line":18,"column":80},"end":{"line":71,"column":3}},"locations":[{"start":{"line":18,"column":80},"end":{"line":71,"column":3}}]},"10":{"type":"branch","line":20,"loc":{"start":{"line":20,"column":23},"end":{"line":20,"column":45}},"locations":[{"start":{"line":20,"column":23},"end":{"line":20,"column":45}}]},"11":{"type":"branch","line":20,"loc":{"start":{"line":20,"column":47},"end":{"line":59,"column":5}},"locations":[{"start":{"line":20,"column":47},"end":{"line":59,"column":5}}]},"12":{"type":"branch","line":21,"loc":{"start":{"line":21,"column":2},"end":{"line":24,"column":5}},"locations":[{"start":{"line":21,"column":2},"end":{"line":24,"column":5}}]},"13":{"type":"branch","line":24,"loc":{"start":{"line":24,"column":5},"end":{"line":26,"column":3}},"locations":[{"start":{"line":24,"column":5},"end":{"line":26,"column":3}}]},"14":{"type":"branch","line":26,"loc":{"start":{"line":26,"column":3},"end":{"line":27,"column":1}},"locations":[{"start":{"line":26,"column":3},"end":{"line":27,"column":1}}]},"15":{"type":"branch","line":27,"loc":{"start":{"line":27,"column":3},"end":{"line":37,"column":5}},"locations":[{"start":{"line":27,"column":3},"end":{"line":37,"column":5}}]},"16":{"type":"branch","line":37,"loc":{"start":{"line":37,"column":5},"end":{"line":59,"column":5}},"locations":[{"start":{"line":37,"column":5},"end":{"line":59,"column":5}}]},"17":{"type":"branch","line":59,"loc":{"start":{"line":59,"column":5},"end":{"line":60,"column":21}},"locations":[{"start":{"line":59,"column":5},"end":{"line":60,"column":21}}]},"18":{"type":"branch","line":60,"loc":{"start":{"line":60,"column":21},"end":{"line":61,"column":14}},"locations":[{"start":{"line":60,"column":21},"end":{"line":61,"column":14}}]},"19":{"type":"branch","line":61,"loc":{"start":{"line":61,"column":16},"end":{"line":66,"column":8}},"locations":[{"start":{"line":61,"column":16},"end":{"line":66,"column":8}}]},"20":{"type":"branch","line":66,"loc":{"start":{"line":66,"column":8},"end":{"line":71,"column":2}},"locations":[{"start":{"line":66,"column":8},"end":{"line":71,"column":2}}]},"21":{"type":"branch","line":74,"loc":{"start":{"line":74,"column":1},"end":{"line":87,"column":44}},"locations":[{"start":{"line":74,"column":1},"end":{"line":87,"column":44}}]}},"b":{"0":[1],"1":[15],"2":[15],"3":[4],"4":[11],"5":[10],"6":[1],"7":[23],"8":[23],"9":[87],"10":[64],"11":[50],"12":[15],"13":[35],"14":[20],"15":[16],"16":[19],"17":[37],"18":[14],"19":[14],"20":[23],"21":[8]},"fnMap":{"0":{"name":"getFileContent","decl":{"start":{"line":2,"column":17},"end":{"line":4,"column":15}},"loc":{"start":{"line":2,"column":17},"end":{"line":4,"column":15}},"line":2},"1":{"name":"getObject","decl":{"start":{"line":6,"column":2},"end":{"line":15,"column":22}},"loc":{"start":{"line":6,"column":2},"end":{"line":15,"column":22}},"line":6},"2":{"name":"getSortedKeys","decl":{"start":{"line":15,"column":54},"end":{"line":18,"column":2}},"loc":{"start":{"line":15,"column":54},"end":{"line":18,"column":2}},"line":15},"3":{"name":"generateAst","decl":{"start":{"line":18,"column":32},"end":{"line":71,"column":4}},"loc":{"start":{"line":18,"column":32},"end":{"line":71,"column":4}},"line":18},"4":{"name":"genDiff","decl":{"start":{"line":74,"column":1},"end":{"line":87,"column":44}},"loc":{"start":{"line":74,"column":1},"end":{"line":87,"column":44}},"line":74}},"f":{"0":15,"1":15,"2":23,"3":23,"4":8}}
,"/Users/kseniaselezneva/Hexlet/frontend-project-lvl2/src/formatters/json.js": {"path":"/Users/kseniaselezneva/Hexlet/frontend-project-lvl2/src/formatters/json.js","all":false,"statementMap":{"0":{"start":{"line":1,"column":0},"end":{"line":1,"column":42}},"1":{"start":{"line":2,"column":0},"end":{"line":2,"column":0}},"2":{"start":{"line":3,"column":0},"end":{"line":3,"column":20}}},"s":{"0":1,"1":1,"2":1},"branchMap":{},"b":{},"fnMap":{},"f":{}}
,"/Users/kseniaselezneva/Hexlet/frontend-project-lvl2/src/formatters/plain.js": {"path":"/Users/kseniaselezneva/Hexlet/frontend-project-lvl2/src/formatters/plain.js","all":false,"statementMap":{"0":{"start":{"line":1,"column":0},"end":{"line":1,"column":23}},"1":{"start":{"line":2,"column":0},"end":{"line":2,"column":0}},"2":{"start":{"line":3,"column":0},"end":{"line":3,"column":95}},"3":{"start":{"line":4,"column":0},"end":{"line":4,"column":0}},"4":{"start":{"line":5,"column":0},"end":{"line":5,"column":96}},"5":{"start":{"line":6,"column":0},"end":{"line":6,"column":0}},"6":{"start":{"line":7,"column":0},"end":{"line":7,"column":24}},"7":{"start":{"line":8,"column":0},"end":{"line":8,"column":79}},"8":{"start":{"line":9,"column":0},"end":{"line":9,"column":24}},"9":{"start":{"line":10,"column":0},"end":{"line":10,"column":20}},"10":{"start":{"line":11,"column":0},"end":{"line":11,"column":71}},"11":{"start":{"line":12,"column":0},"end":{"line":12,"column":19}},"12":{"start":{"line":13,"column":0},"end":{"line":13,"column":119}},"13":{"start":{"line":14,"column":0},"end":{"line":14,"column":21}},"14":{"start":{"line":15,"column":0},"end":{"line":15,"column":78}},"15":{"start":{"line":16,"column":0},"end":{"line":16,"column":21}},"16":{"start":{"line":17,"column":0},"end":{"line":17,"column":155}},"17":{"start":{"line":18,"column":0},"end":{"line":18,"column":14}},"18":{"start":{"line":19,"column":0},"end":{"line":19,"column":18}},"19":{"start":{"line":20,"column":0},"end":{"line":20,"column":5}},"20":{"start":{"line":21,"column":0},"end":{"line":21,"column":5}},"21":{"start":{"line":22,"column":0},"end":{"line":22,"column":0}},"22":{"start":{"line":23,"column":0},"end":{"line":23,"column":40}},"23":{"start":{"line":24,"column":0},"end":{"line":24,"column":2}},"24":{"start":{"line":25,"column":0},"end":{"line":25,"column":0}},"25":{"start":{"line":26,"column":0},"end":{"line":26,"column":21}}},"s":{"0":10,"1":3,"2":1,"3":10,"4":1,"5":5,"6":5,"7":18,"8":4,"9":18,"10":5,"11":5,"12":18,"13":18,"14":4,"15":4,"16":1,"17":1,"18":1,"19":1,"20":1,"21":1,"22":1,"23":1,"24":1,"25":1},"branchMap":{"0":{"type":"branch","line":1,"loc":{"start":{"line":1,"column":0},"end":{"line":19,"column":10}},"locations":[{"start":{"line":1,"column":0},"end":{"line":19,"column":10}}]},"1":{"type":"branch","line":1,"loc":{"start":{"line":1,"column":0},"end":{"line":3,"column":5}},"locations":[{"start":{"line":1,"column":0},"end":{"line":3,"column":5}}]},"2":{"type":"branch","line":1,"loc":{"start":{"line":1,"column":0},"end":{"line":1,"column":6}},"locations":[{"start":{"line":1,"column":0},"end":{"line":1,"column":6}}]},"3":{"type":"branch","line":1,"loc":{"start":{"line":1,"column":7},"end":{"line":1,"column":21}},"locations":[{"start":{"line":1,"column":7},"end":{"line":1,"column":21}}]},"4":{"type":"branch","line":1,"loc":{"start":{"line":1,"column":22},"end":{"line":3,"column":4}},"locations":[{"start":{"line":1,"column":22},"end":{"line":3,"column":4}}]},"5":{"type":"branch","line":3,"loc":{"start":{"line":3,"column":32},"end":{"line":5,"column":6}},"locations":[{"start":{"line":3,"column":32},"end":{"line":5,"column":6}}]},"6":{"type":"branch","line":3,"loc":{"start":{"line":3,"column":62},"end":{"line":3,"column":81}},"locations":[{"start":{"line":3,"column":62},"end":{"line":3,"column":81}}]},"7":{"type":"branch","line":3,"loc":{"start":{"line":3,"column":82},"end":{"line":5,"column":5}},"locations":[{"start":{"line":3,"column":82},"end":{"line":5,"column":5}}]},"8":{"type":"branch","line":5,"loc":{"start":{"line":5,"column":23},"end":{"line":18,"column":0}},"locations":[{"start":{"line":5,"column":23},"end":{"line":18,"column":0}}]},"9":{"type":"branch","line":5,"loc":{"start":{"line":5,"column":59},"end":{"line":17,"column":111}},"locations":[{"start":{"line":5,"column":59},"end":{"line":17,"column":111}}]},"10":{"type":"branch","line":7,"loc":{"start":{"line":7,"column":4},"end":{"line":17,"column":110}},"locations":[{"start":{"line":7,"column":4},"end":{"line":17,"column":110}}]},"11":{"type":"branch","line":8,"loc":{"start":{"line":8,"column":22},"end":{"line":10,"column":3}},"locations":[{"start":{"line":8,"column":22},"end":{"line":10,"column":3}}]},"12":{"type":"branch","line":10,"loc":{"start":{"line":10,"column":10},"end":{"line":13,"column":30}},"locations":[{"start":{"line":10,"column":10},"end":{"line":13,"column":30}}]},"13":{"type":"branch","line":13,"loc":{"start":{"line":13,"column":37},"end":{"line":14,"column":11}},"locations":[{"start":{"line":13,"column":37},"end":{"line":14,"column":11}}]},"14":{"type":"branch","line":14,"loc":{"start":{"line":14,"column":18},"end":{"line":17,"column":66}},"locations":[{"start":{"line":14,"column":18},"end":{"line":17,"column":66}}]},"15":{"type":"branch","line":17,"loc":{"start":{"line":17,"column":73},"end":{"line":17,"column":100}},"locations":[{"start":{"line":17,"column":73},"end":{"line":17,"column":100}}]}},"b":{"0":[1],"1":[10],"2":[3],"3":[7],"4":[3],"5":[13],"6":[3],"7":[10],"8":[1],"9":[5],"10":[18],"11":[4],"12":[5],"13":[2],"14":[4],"15":[3]},"fnMap":{"0":{"name":"textWrapper","decl":{"start":{"line":1,"column":0},"end":{"line":3,"column":5}},"loc":{"start":{"line":1,"column":0},"end":{"line":3,"column":5}},"line":1},"1":{"name":"printPlainValue","decl":{"start":{"line":3,"column":32},"end":{"line":5,"column":6}},"loc":{"start":{"line":3,"column":32},"end":{"line":5,"column":6}},"line":3},"2":{"name":"plain","decl":{"start":{"line":5,"column":23},"end":{"line":18,"column":0}},"loc":{"start":{"line":5,"column":23},"end":{"line":18,"column":0}},"line":5},"3":{"name":"plainFormatter","decl":{"start":{"line":5,"column":59},"end":{"line":17,"column":111}},"loc":{"start":{"line":5,"column":59},"end":{"line":17,"column":111}},"line":5}},"f":{"0":10,"1":13,"2":1,"3":5}}
,"/Users/kseniaselezneva/Hexlet/frontend-project-lvl2/src/formatters/stylish.js": {"path":"/Users/kseniaselezneva/Hexlet/frontend-project-lvl2/src/formatters/stylish.js","all":false,"statementMap":{"0":{"start":{"line":1,"column":0},"end":{"line":1,"column":23}},"1":{"start":{"line":2,"column":0},"end":{"line":2,"column":0}},"2":{"start":{"line":3,"column":0},"end":{"line":3,"column":16}},"3":{"start":{"line":4,"column":0},"end":{"line":4,"column":0}},"4":{"start":{"line":5,"column":0},"end":{"line":5,"column":85}},"5":{"start":{"line":6,"column":0},"end":{"line":6,"column":0}},"6":{"start":{"line":7,"column":0},"end":{"line":7,"column":39}},"7":{"start":{"line":8,"column":0},"end":{"line":8,"column":25}},"8":{"start":{"line":9,"column":0},"end":{"line":9,"column":59}},"9":{"start":{"line":10,"column":0},"end":{"line":10,"column":3}},"10":{"start":{"line":11,"column":0},"end":{"line":11,"column":26}},"11":{"start":{"line":12,"column":0},"end":{"line":12,"column":42}},"12":{"start":{"line":13,"column":0},"end":{"line":13,"column":34}},"13":{"start":{"line":14,"column":0},"end":{"line":14,"column":48}},"14":{"start":{"line":15,"column":0},"end":{"line":15,"column":28}},"15":{"start":{"line":16,"column":0},"end":{"line":16,"column":84}},"16":{"start":{"line":17,"column":0},"end":{"line":17,"column":7}},"17":{"start":{"line":18,"column":0},"end":{"line":18,"column":58}},"18":{"start":{"line":19,"column":0},"end":{"line":19,"column":7}},"19":{"start":{"line":20,"column":0},"end":{"line":20,"column":0}},"20":{"start":{"line":21,"column":0},"end":{"line":21,"column":62}},"21":{"start":{"line":22,"column":0},"end":{"line":22,"column":3}},"22":{"start":{"line":23,"column":0},"end":{"line":23,"column":15}},"23":{"start":{"line":24,"column":0},"end":{"line":24,"column":2}},"24":{"start":{"line":25,"column":0},"end":{"line":25,"column":0}},"25":{"start":{"line":26,"column":0},"end":{"line":26,"column":14}},"26":{"start":{"line":27,"column":0},"end":{"line":27,"column":16}},"27":{"start":{"line":28,"column":0},"end":{"line":28,"column":14}},"28":{"start":{"line":29,"column":0},"end":{"line":29,"column":14}},"29":{"start":{"line":30,"column":0},"end":{"line":30,"column":2}},"30":{"start":{"line":31,"column":0},"end":{"line":31,"column":0}},"31":{"start":{"line":32,"column":0},"end":{"line":32,"column":26}},"32":{"start":{"line":33,"column":0},"end":{"line":33,"column":58}},"33":{"start":{"line":34,"column":0},"end":{"line":34,"column":33}},"34":{"start":{"line":35,"column":0},"end":{"line":35,"column":71}},"35":{"start":{"line":36,"column":0},"end":{"line":36,"column":37}},"36":{"start":{"line":37,"column":0},"end":{"line":37,"column":40}},"37":{"start":{"line":38,"column":0},"end":{"line":38,"column":5}},"38":{"start":{"line":39,"column":0},"end":{"line":39,"column":34}},"39":{"start":{"line":40,"column":0},"end":{"line":40,"column":234}},"40":{"start":{"line":41,"column":0},"end":{"line":41,"column":5}},"41":{"start":{"line":42,"column":0},"end":{"line":42,"column":127}},"42":{"start":{"line":43,"column":0},"end":{"line":43,"column":5}},"43":{"start":{"line":44,"column":0},"end":{"line":44,"column":0}},"44":{"start":{"line":45,"column":0},"end":{"line":45,"column":50}},"45":{"start":{"line":46,"column":0},"end":{"line":46,"column":2}},"46":{"start":{"line":47,"column":0},"end":{"line":47,"column":0}},"47":{"start":{"line":48,"column":0},"end":{"line":48,"column":23}}},"s":{"0":102,"1":102,"2":1,"3":1,"4":1,"5":28,"6":8,"7":88,"8":14,"9":14,"10":14,"11":14,"12":18,"13":6,"14":6,"15":14,"16":14,"17":96,"18":1,"19":1,"20":1,"21":1,"22":1,"23":5,"24":5,"25":5,"26":5,"27":13,"28":13,"29":51,"30":51,"31":51,"32":51,"33":8,"34":51,"35":51,"36":11,"37":11,"38":11,"39":51,"40":32,"41":1,"42":1,"43":1,"44":1,"45":1,"46":1,"47":1},"branchMap":{"0":{"type":"branch","line":1,"loc":{"start":{"line":1,"column":0},"end":{"line":42,"column":125}},"locations":[{"start":{"line":1,"column":0},"end":{"line":42,"column":125}}]},"1":{"type":"branch","line":1,"loc":{"start":{"line":1,"column":0},"end":{"line":3,"column":13}},"locations":[{"start":{"line":1,"column":0},"end":{"line":3,"column":13}}]},"2":{"type":"branch","line":5,"loc":{"start":{"line":5,"column":18},"end":{"line":19,"column":4}},"locations":[{"start":{"line":5,"column":18},"end":{"line":19,"column":4}}]},"3":{"type":"branch","line":5,"loc":{"start":{"line":5,"column":62},"end":{"line":8,"column":0}},"locations":[{"start":{"line":5,"column":62},"end":{"line":8,"column":0}}]},"4":{"type":"branch","line":8,"loc":{"start":{"line":8,"column":0},"end":{"line":9,"column":0}},"locations":[{"start":{"line":8,"column":0},"end":{"line":9,"column":0}}]},"5":{"type":"branch","line":9,"loc":{"start":{"line":9,"column":0},"end":{"line":18,"column":45}},"locations":[{"start":{"line":9,"column":0},"end":{"line":18,"column":45}}]},"6":{"type":"branch","line":18,"loc":{"start":{"line":18,"column":45},"end":{"line":19,"column":3}},"locations":[{"start":{"line":18,"column":45},"end":{"line":19,"column":3}}]},"7":{"type":"branch","line":6,"loc":{"start":{"line":6,"column":-1},"end":{"line":7,"column":23}},"locations":[{"start":{"line":6,"column":-1},"end":{"line":7,"column":23}}]},"8":{"type":"branch","line":12,"loc":{"start":{"line":12,"column":20},"end":{"line":16,"column":68}},"locations":[{"start":{"line":12,"column":20},"end":{"line":16,"column":68}}]},"9":{"type":"branch","line":13,"loc":{"start":{"line":13,"column":22},"end":{"line":16,"column":3}},"locations":[{"start":{"line":13,"column":22},"end":{"line":16,"column":3}}]},"10":{"type":"branch","line":16,"loc":{"start":{"line":16,"column":3},"end":{"line":16,"column":67}},"locations":[{"start":{"line":16,"column":3},"end":{"line":16,"column":67}}]},"11":{"type":"branch","line":23,"loc":{"start":{"line":23,"column":13},"end":{"line":42,"column":98}},"locations":[{"start":{"line":23,"column":13},"end":{"line":42,"column":98}}]},"12":{"type":"branch","line":27,"loc":{"start":{"line":27,"column":13},"end":{"line":42,"column":43}},"locations":[{"start":{"line":27,"column":13},"end":{"line":42,"column":43}}]},"13":{"type":"branch","line":29,"loc":{"start":{"line":29,"column":4},"end":{"line":42,"column":42}},"locations":[{"start":{"line":29,"column":4},"end":{"line":42,"column":42}}]},"14":{"type":"branch","line":33,"loc":{"start":{"line":33,"column":2},"end":{"line":35,"column":67}},"locations":[{"start":{"line":33,"column":2},"end":{"line":35,"column":67}}]},"15":{"type":"branch","line":35,"loc":{"start":{"line":35,"column":67},"end":{"line":36,"column":29}},"locations":[{"start":{"line":35,"column":67},"end":{"line":36,"column":29}}]},"16":{"type":"branch","line":36,"loc":{"start":{"line":36,"column":29},"end":{"line":40,"column":151}},"locations":[{"start":{"line":36,"column":29},"end":{"line":40,"column":151}}]},"17":{"type":"branch","line":40,"loc":{"start":{"line":40,"column":151},"end":{"line":42,"column":41}},"locations":[{"start":{"line":40,"column":151},"end":{"line":42,"column":41}}]}},"b":{"0":[1],"1":[102],"2":[96],"3":[8],"4":[88],"5":[14],"6":[74],"7":[28],"8":[18],"9":[6],"10":[12],"11":[5],"12":[13],"13":[51],"14":[8],"15":[43],"16":[11],"17":[32]},"fnMap":{"0":{"name":"spaceCounter","decl":{"start":{"line":1,"column":0},"end":{"line":3,"column":13}},"loc":{"start":{"line":1,"column":0},"end":{"line":3,"column":13}},"line":1},"1":{"name":"renderValue","decl":{"start":{"line":5,"column":18},"end":{"line":19,"column":4}},"loc":{"start":{"line":5,"column":18},"end":{"line":19,"column":4}},"line":5},"2":{"name":"stylish","decl":{"start":{"line":23,"column":13},"end":{"line":42,"column":98}},"loc":{"start":{"line":23,"column":13},"end":{"line":42,"column":98}},"line":23},"3":{"name":"jsonFormatter","decl":{"start":{"line":27,"column":13},"end":{"line":42,"column":43}},"loc":{"start":{"line":27,"column":13},"end":{"line":42,"column":43}},"line":27}},"f":{"0":102,"1":96,"2":5,"3":13}}
}
