TN:
SF:src/diff.js
FN:2,getFileContent
FN:6,getObject
FN:15,getSortedKeys
FN:18,generateAst
FN:74,genDiff
FNF:5
FNH:5
FNDA:15,getFileContent
FNDA:15,getObject
FNDA:23,getSortedKeys
FNDA:23,generateAst
FNDA:8,genDiff
DA:1,1
DA:2,1
DA:3,15
DA:4,1
DA:5,1
DA:6,1
DA:7,4
DA:8,15
DA:9,15
DA:10,15
DA:11,1
DA:12,1
DA:13,1
DA:14,1
DA:15,1
DA:16,23
DA:17,23
DA:18,1
DA:19,87
DA:20,87
DA:21,50
DA:22,15
DA:23,15
DA:24,50
DA:25,35
DA:26,50
DA:27,50
DA:28,16
DA:29,16
DA:30,16
DA:31,16
DA:32,16
DA:33,16
DA:34,16
DA:35,16
DA:36,16
DA:37,50
DA:38,19
DA:39,19
DA:40,19
DA:41,19
DA:42,19
DA:43,19
DA:44,19
DA:45,19
DA:46,19
DA:47,19
DA:48,19
DA:49,19
DA:50,19
DA:51,19
DA:52,19
DA:53,19
DA:54,19
DA:55,19
DA:56,19
DA:57,19
DA:58,19
DA:59,87
DA:60,87
DA:61,87
DA:62,14
DA:63,14
DA:64,14
DA:65,14
DA:66,87
DA:67,23
DA:68,23
DA:69,23
DA:70,23
DA:71,1
DA:72,1
DA:73,1
DA:74,1
DA:75,8
DA:76,8
DA:77,8
DA:78,8
DA:79,8
DA:80,8
DA:81,8
DA:82,8
DA:83,8
DA:84,8
DA:85,8
DA:86,8
DA:87,1
DA:88,1
DA:89,1
DA:90,1
DA:91,1
DA:92,1
DA:93,1
DA:94,1
LF:94
LH:94
BRDA:1,0,0,1
BRDA:2,1,0,15
BRDA:6,2,0,15
BRDA:6,3,0,4
BRDA:8,4,0,11
BRDA:9,5,0,10
BRDA:10,6,0,1
BRDA:15,7,0,23
BRDA:18,8,0,23
BRDA:18,9,0,87
BRDA:20,10,0,64
BRDA:20,11,0,50
BRDA:21,12,0,15
BRDA:24,13,0,35
BRDA:26,14,0,20
BRDA:27,15,0,16
BRDA:37,16,0,19
BRDA:59,17,0,37
BRDA:60,18,0,14
BRDA:61,19,0,14
BRDA:66,20,0,23
BRDA:74,21,0,8
BRF:22
BRH:22
end_of_record
TN:
SF:src/formatters/json.js
FNF:0
FNH:0
DA:1,1
DA:2,1
DA:3,1
LF:3
LH:3
BRF:0
BRH:0
end_of_record
TN:
SF:src/formatters/plain.js
FN:1,textWrapper
FN:3,printPlainValue
FN:5,plain
FN:5,plainFormatter
FNF:4
FNH:4
FNDA:10,textWrapper
FNDA:13,printPlainValue
FNDA:1,plain
FNDA:5,plainFormatter
DA:1,10
DA:2,3
DA:3,1
DA:4,10
DA:5,1
DA:6,5
DA:7,5
DA:8,18
DA:9,4
DA:10,18
DA:11,5
DA:12,5
DA:13,18
DA:14,18
DA:15,4
DA:16,4
DA:17,1
DA:18,1
DA:19,1
DA:20,1
DA:21,1
DA:22,1
DA:23,1
DA:24,1
DA:25,1
DA:26,1
LF:26
LH:26
BRDA:1,0,0,1
BRDA:1,1,0,10
BRDA:1,2,0,3
BRDA:1,3,0,7
BRDA:1,4,0,3
BRDA:3,5,0,13
BRDA:3,6,0,3
BRDA:3,7,0,10
BRDA:5,8,0,1
BRDA:5,9,0,5
BRDA:7,10,0,18
BRDA:8,11,0,4
BRDA:10,12,0,5
BRDA:13,13,0,2
BRDA:14,14,0,4
BRDA:17,15,0,3
BRF:16
BRH:16
end_of_record
TN:
SF:src/formatters/stylish.js
FN:1,spaceCounter
FN:5,renderValue
FN:23,stylish
FN:27,jsonFormatter
FNF:4
FNH:4
FNDA:102,spaceCounter
FNDA:96,renderValue
FNDA:5,stylish
FNDA:13,jsonFormatter
DA:1,102
DA:2,102
DA:3,1
DA:4,1
DA:5,1
DA:6,28
DA:7,8
DA:8,88
DA:9,14
DA:10,14
DA:11,14
DA:12,14
DA:13,18
DA:14,6
DA:15,6
DA:16,14
DA:17,14
DA:18,96
DA:19,1
DA:20,1
DA:21,1
DA:22,1
DA:23,1
DA:24,5
DA:25,5
DA:26,5
DA:27,5
DA:28,13
DA:29,13
DA:30,51
DA:31,51
DA:32,51
DA:33,51
DA:34,8
DA:35,51
DA:36,51
DA:37,11
DA:38,11
DA:39,11
DA:40,51
DA:41,32
DA:42,1
DA:43,1
DA:44,1
DA:45,1
DA:46,1
DA:47,1
DA:48,1
LF:48
LH:48
BRDA:1,0,0,1
BRDA:1,1,0,102
BRDA:5,2,0,96
BRDA:5,3,0,8
BRDA:8,4,0,88
BRDA:9,5,0,14
BRDA:18,6,0,74
BRDA:6,7,0,28
BRDA:12,8,0,18
BRDA:13,9,0,6
BRDA:16,10,0,12
BRDA:23,11,0,5
BRDA:27,12,0,13
BRDA:29,13,0,51
BRDA:33,14,0,8
BRDA:35,15,0,43
BRDA:36,16,0,11
BRDA:40,17,0,32
BRF:18
BRH:18
end_of_record
