TN:
SF:src/diff.js
FN:2,getFileContent
FN:6,getObject
FN:15,getSortedKeys
FN:18,generateAst
FN:74,genDiff
FNF:5
FNH:5
FNDA:13,getFileContent
FNDA:13,getObject
FNDA:18,getSortedKeys
FNDA:18,generateAst
FNDA:7,genDiff
DA:1,1
DA:2,1
DA:3,13
DA:4,1
DA:5,1
DA:6,1
DA:7,4
DA:8,13
DA:9,13
DA:10,13
DA:11,1
DA:12,1
DA:13,1
DA:14,1
DA:15,1
DA:16,18
DA:17,18
DA:18,1
DA:19,69
DA:20,69
DA:21,39
DA:22,12
DA:23,12
DA:24,39
DA:25,27
DA:26,39
DA:27,39
DA:28,12
DA:29,12
DA:30,12
DA:31,12
DA:32,12
DA:33,12
DA:34,12
DA:35,12
DA:36,12
DA:37,39
DA:38,15
DA:39,15
DA:40,15
DA:41,15
DA:42,15
DA:43,15
DA:44,15
DA:45,15
DA:46,15
DA:47,15
DA:48,15
DA:49,15
DA:50,15
DA:51,15
DA:52,15
DA:53,15
DA:54,15
DA:55,15
DA:56,15
DA:57,15
DA:58,15
DA:59,69
DA:60,69
DA:61,69
DA:62,12
DA:63,12
DA:64,12
DA:65,12
DA:66,69
DA:67,18
DA:68,18
DA:69,18
DA:70,18
DA:71,1
DA:72,1
DA:73,1
DA:74,1
DA:75,7
DA:76,7
DA:77,7
DA:78,7
DA:79,7
DA:80,7
DA:81,7
DA:82,7
DA:83,7
DA:84,7
DA:85,7
DA:86,7
DA:87,1
DA:88,1
DA:89,1
DA:90,1
DA:91,1
DA:92,1
DA:93,1
DA:94,1
LF:94
LH:94
BRDA:1,0,0,1
BRDA:2,1,0,13
BRDA:6,2,0,13
BRDA:6,3,0,4
BRDA:8,4,0,9
BRDA:9,5,0,8
BRDA:10,6,0,1
BRDA:15,7,0,18
BRDA:18,8,0,18
BRDA:18,9,0,69
BRDA:20,10,0,51
BRDA:20,11,0,39
BRDA:21,12,0,12
BRDA:24,13,0,27
BRDA:26,14,0,15
BRDA:27,15,0,12
BRDA:37,16,0,15
BRDA:59,17,0,30
BRDA:60,18,0,12
BRDA:61,19,0,12
BRDA:66,20,0,18
BRDA:74,21,0,7
BRF:22
BRH:22
end_of_record
TN:
SF:src/formatters/plain.js
FN:1,textWrapper
FN:3,printPlainValue
FN:5,plain
FN:5,plainFormatter
FNF:4
FNH:4
FNDA:10,textWrapper
FNDA:13,printPlainValue
FNDA:1,plain
FNDA:5,plainFormatter
DA:1,10
DA:2,3
DA:3,1
DA:4,10
DA:5,1
DA:6,5
DA:7,5
DA:8,18
DA:9,4
DA:10,18
DA:11,5
DA:12,5
DA:13,18
DA:14,18
DA:15,4
DA:16,4
DA:17,1
DA:18,1
DA:19,1
DA:20,1
DA:21,1
DA:22,1
DA:23,1
DA:24,1
DA:25,1
DA:26,1
LF:26
LH:26
BRDA:1,0,0,1
BRDA:1,1,0,10
BRDA:1,2,0,3
BRDA:1,3,0,7
BRDA:1,4,0,3
BRDA:3,5,0,13
BRDA:3,6,0,3
BRDA:3,7,0,10
BRDA:5,8,0,1
BRDA:5,9,0,5
BRDA:7,10,0,18
BRDA:8,11,0,4
BRDA:10,12,0,5
BRDA:13,13,0,2
BRDA:14,14,0,4
BRDA:17,15,0,3
BRF:16
BRH:16
end_of_record
TN:
SF:src/formatters/stylish.js
FN:1,spaceCounter
FN:5,renderValue
FN:23,stylish
FN:27,jsonFormatter
FNF:4
FNH:4
FNDA:102,spaceCounter
FNDA:96,renderValue
FNDA:5,stylish
FNDA:13,jsonFormatter
DA:1,102
DA:2,102
DA:3,1
DA:4,1
DA:5,1
DA:6,28
DA:7,8
DA:8,88
DA:9,14
DA:10,14
DA:11,14
DA:12,14
DA:13,18
DA:14,6
DA:15,6
DA:16,14
DA:17,14
DA:18,96
DA:19,1
DA:20,1
DA:21,1
DA:22,1
DA:23,1
DA:24,5
DA:25,5
DA:26,5
DA:27,5
DA:28,13
DA:29,13
DA:30,51
DA:31,51
DA:32,51
DA:33,51
DA:34,8
DA:35,51
DA:36,51
DA:37,11
DA:38,11
DA:39,11
DA:40,51
DA:41,32
DA:42,1
DA:43,1
DA:44,1
DA:45,1
DA:46,1
DA:47,1
DA:48,1
LF:48
LH:48
BRDA:1,0,0,1
BRDA:1,1,0,102
BRDA:5,2,0,96
BRDA:5,3,0,8
BRDA:8,4,0,88
BRDA:9,5,0,14
BRDA:18,6,0,74
BRDA:6,7,0,28
BRDA:12,8,0,18
BRDA:13,9,0,6
BRDA:16,10,0,12
BRDA:23,11,0,5
BRDA:27,12,0,13
BRDA:29,13,0,51
BRDA:33,14,0,8
BRDA:35,15,0,43
BRDA:36,16,0,11
BRDA:40,17,0,32
BRF:18
BRH:18
end_of_record
